<?xml version="1.0" encoding="UTF-8"?>
<!-- Generated by org.testng.reporters.JUnitReportReporter -->
<testsuite hostname="Shubha-PC" failures="0" tests="1" name="org.sarkar.Rest_Assured_Java.SumValidation" time="1.112" errors="0" timestamp="2024-06-05T13:49:07 IST" skipped="0">
  <testcase classname="org.sarkar.Rest_Assured_Java.SumValidation" name="sumOfCources" time="1.112"/>
</testsuite> <!-- org.sarkar.Rest_Assured_Java.SumValidation -->
